<?xml version="1.0" encoding="UTF-8"?>
<testng-results total="1" passed="1" failed="0" skipped="0">
  <reporter-output>
  </reporter-output>
  <suite started-at="2023-01-31T09:26:49Z" name="Default suite" finished-at="2023-01-31T09:26:50Z" duration-ms="59">
    <groups>
    </groups>
    <test started-at="2023-01-31T09:26:49Z" name="Default test" finished-at="2023-01-31T09:26:50Z" duration-ms="59">
      <class name="com.synchronoss.test.IPLCricketTeamTest">
        <test-method signature="parseJson()[pri:0, instance:com.synchronoss.test.IPLCricketTeamTest@7164ca4c]" started-at="2023-01-31T14:56:50Z" name="parseJson" finished-at="2023-01-31T14:56:50Z" duration-ms="29" status="PASS">
          <reporter-output>
          </reporter-output>
        </test-method> <!-- parseJson -->
      </class> <!-- com.synchronoss.test.IPLCricketTeamTest -->
    </test> <!-- Default test -->
  </suite> <!-- Default suite -->
</testng-results>
